<?xml version="1.0" encoding="UTF-8"?>
<coverage generated="1660046135261" clover="3.2.0">
  <project timestamp="1660046135262" name="All files">
    <metrics statements="25" coveredstatements="25" conditionals="13" coveredconditionals="13" methods="7" coveredmethods="7" elements="45" coveredelements="45" complexity="0" loc="25" ncloc="25" packages="1" files="1" classes="1"/>
    <file name="calc.ts" path="H:\test\src\calc.ts">
      <metrics statements="25" coveredstatements="25" conditionals="13" coveredconditionals="13" methods="7" coveredmethods="7"/>
      <line num="1" count="1" type="stmt"/>
      <line num="6" count="19" type="stmt"/>
      <line num="10" count="19" type="cond" truecount="2" falsecount="0"/>
      <line num="11" count="3" type="stmt"/>
      <line num="13" count="16" type="stmt"/>
      <line num="15" count="16" type="cond" truecount="4" falsecount="0"/>
      <line num="16" count="13" type="cond" truecount="4" falsecount="0"/>
      <line num="18" count="4" type="stmt"/>
      <line num="21" count="3" type="stmt"/>
      <line num="23" count="3" type="stmt"/>
      <line num="25" count="3" type="stmt"/>
      <line num="28" count="3" type="stmt"/>
      <line num="33" count="19" type="stmt"/>
      <line num="34" count="19" type="stmt"/>
      <line num="35" count="19" type="stmt"/>
      <line num="36" count="19" type="stmt"/>
      <line num="37" count="49" type="stmt"/>
      <line num="38" count="49" type="cond" truecount="1" falsecount="0"/>
      <line num="39" count="16" type="stmt"/>
      <line num="40" count="16" type="stmt"/>
      <line num="44" count="19" type="cond" truecount="2" falsecount="0"/>
      <line num="47" count="4" type="stmt"/>
      <line num="50" count="3" type="stmt"/>
      <line num="53" count="3" type="stmt"/>
      <line num="56" count="3" type="stmt"/>
    </file>
  </project>
</coverage>
