{"H:\\test\\src\\calc.ts": {"path":"H:\\test\\src\\calc.ts","statementMap":{"0":{"start":{"line":6,"column":25},"end":{"line":6,"column":41}},"1":{"start":{"line":10,"column":8},"end":{"line":14,"column":null}},"2":{"start":{"line":11,"column":12},"end":{"line":11,"column":45}},"3":{"start":{"line":13,"column":12},"end":{"line":13,"column":50}},"4":{"start":{"line":15,"column":8},"end":{"line":29,"column":null}},"5":{"start":{"line":16,"column":12},"end":{"line":26,"column":null}},"6":{"start":{"line":18,"column":24},"end":{"line":18,"column":null}},"7":{"start":{"line":21,"column":24},"end":{"line":21,"column":null}},"8":{"start":{"line":23,"column":24},"end":{"line":23,"column":null}},"9":{"start":{"line":25,"column":24},"end":{"line":25,"column":null}},"10":{"start":{"line":28,"column":12},"end":{"line":28,"column":42}},"11":{"start":{"line":33,"column":8},"end":{"line":33,"column":25}},"12":{"start":{"line":34,"column":24},"end":{"line":34,"column":44}},"13":{"start":{"line":35,"column":31},"end":{"line":35,"column":33}},"14":{"start":{"line":36,"column":8},"end":{"line":42,"column":null}},"15":{"start":{"line":36,"column":21},"end":{"line":36,"column":22}},"16":{"start":{"line":37,"column":32},"end":{"line":37,"column":58}},"17":{"start":{"line":38,"column":12},"end":{"line":41,"column":null}},"18":{"start":{"line":39,"column":16},"end":{"line":39,"column":47}},"19":{"start":{"line":40,"column":16},"end":{"line":40,"column":22}},"20":{"start":{"line":44,"column":8},"end":{"line":44,"column":null}},"21":{"start":{"line":47,"column":8},"end":{"line":47,"column":null}},"22":{"start":{"line":50,"column":8},"end":{"line":50,"column":null}},"23":{"start":{"line":53,"column":8},"end":{"line":53,"column":null}},"24":{"start":{"line":56,"column":8},"end":{"line":56,"column":null}},"25":{"start":{"line":1,"column":0},"end":{"line":1,"column":13}}},"fnMap":{"0":{"name":"(anonymous_0)","decl":{"start":{"line":3,"column":4},"end":{"line":3,"column":20}},"loc":{"start":{"line":3,"column":4},"end":{"line":3,"column":21}}},"1":{"name":"(anonymous_1)","decl":{"start":{"line":5,"column":11},"end":{"line":5,"column":21}},"loc":{"start":{"line":5,"column":33},"end":{"line":31,"column":5}}},"2":{"name":"(anonymous_2)","decl":{"start":{"line":32,"column":11},"end":{"line":32,"column":17}},"loc":{"start":{"line":32,"column":29},"end":{"line":45,"column":5}}},"3":{"name":"(anonymous_3)","decl":{"start":{"line":46,"column":11},"end":{"line":46,"column":14}},"loc":{"start":{"line":46,"column":44},"end":{"line":48,"column":5}}},"4":{"name":"(anonymous_4)","decl":{"start":{"line":49,"column":11},"end":{"line":49,"column":16}},"loc":{"start":{"line":49,"column":46},"end":{"line":51,"column":5}}},"5":{"name":"(anonymous_5)","decl":{"start":{"line":52,"column":11},"end":{"line":52,"column":19}},"loc":{"start":{"line":52,"column":49},"end":{"line":54,"column":5}}},"6":{"name":"(anonymous_6)","decl":{"start":{"line":55,"column":11},"end":{"line":55,"column":17}},"loc":{"start":{"line":55,"column":47},"end":{"line":57,"column":5}}}},"branchMap":{"0":{"loc":{"start":{"line":10,"column":8},"end":{"line":14,"column":null}},"type":"if","locations":[{"start":{"line":10,"column":8},"end":{"line":14,"column":null}},{"start":{"line":12,"column":15},"end":{"line":14,"column":null}}]},"1":{"loc":{"start":{"line":15,"column":8},"end":{"line":29,"column":null}},"type":"if","locations":[{"start":{"line":15,"column":8},"end":{"line":29,"column":null}},{"start":{"line":27,"column":15},"end":{"line":29,"column":null}}]},"2":{"loc":{"start":{"line":15,"column":14},"end":{"line":15,"column":43}},"type":"binary-expr","locations":[{"start":{"line":15,"column":14},"end":{"line":15,"column":26}},{"start":{"line":15,"column":30},"end":{"line":15,"column":43}}]},"3":{"loc":{"start":{"line":16,"column":12},"end":{"line":26,"column":null}},"type":"switch","locations":[{"start":{"line":17,"column":16},"end":{"line":18,"column":null}},{"start":{"line":20,"column":16},"end":{"line":21,"column":null}},{"start":{"line":22,"column":16},"end":{"line":23,"column":null}},{"start":{"line":24,"column":16},"end":{"line":25,"column":null}}]},"4":{"loc":{"start":{"line":38,"column":12},"end":{"line":41,"column":null}},"type":"if","locations":[{"start":{"line":38,"column":12},"end":{"line":41,"column":null}}]},"5":{"loc":{"start":{"line":44,"column":15},"end":{"line":44,"column":190}},"type":"cond-expr","locations":[{"start":{"line":44,"column":41},"end":{"line":44,"column":173}},{"start":{"line":44,"column":176},"end":{"line":44,"column":190}}]}},"s":{"0":19,"1":19,"2":3,"3":16,"4":16,"5":13,"6":4,"7":3,"8":3,"9":3,"10":3,"11":19,"12":19,"13":19,"14":19,"15":19,"16":49,"17":49,"18":16,"19":16,"20":19,"21":4,"22":3,"23":3,"24":3,"25":1},"f":{"0":1,"1":19,"2":19,"3":4,"4":3,"5":3,"6":3},"b":{"0":[3,16],"1":[13,3],"2":[16,14],"3":[4,3,3,3],"4":[16],"5":[16,3]}}
}
