TN:
SF:src\calc.ts
FN:3,(anonymous_0)
FN:5,(anonymous_1)
FN:32,(anonymous_2)
FN:46,(anonymous_3)
FN:49,(anonymous_4)
FN:52,(anonymous_5)
FN:55,(anonymous_6)
FNF:7
FNH:7
FNDA:1,(anonymous_0)
FNDA:19,(anonymous_1)
FNDA:19,(anonymous_2)
FNDA:4,(anonymous_3)
FNDA:3,(anonymous_4)
FNDA:3,(anonymous_5)
FNDA:3,(anonymous_6)
DA:1,1
DA:6,19
DA:10,19
DA:11,3
DA:13,16
DA:15,16
DA:16,13
DA:18,4
DA:21,3
DA:23,3
DA:25,3
DA:28,3
DA:33,19
DA:34,19
DA:35,19
DA:36,19
DA:37,49
DA:38,49
DA:39,16
DA:40,16
DA:44,19
DA:47,4
DA:50,3
DA:53,3
DA:56,3
LF:25
LH:25
BRDA:10,0,0,3
BRDA:10,0,1,16
BRDA:15,1,0,13
BRDA:15,1,1,3
BRDA:15,2,0,16
BRDA:15,2,1,14
BRDA:16,3,0,4
BRDA:16,3,1,3
BRDA:16,3,2,3
BRDA:16,3,3,3
BRDA:38,4,0,16
BRDA:44,5,0,16
BRDA:44,5,1,3
BRF:13
BRH:13
end_of_record
